 P  =
 
    0.026304  
 D  =
 
    0.  
 I  =
 
    0.113908  
 
-->// This file is released into the public domain
 
-->// Generated by builder.sce : Please, do not edit this file
 
-->//
 
 
-->bubi_path = get_absolute_file_path('loader2.sce');
 
 
-->// ulink previous function with same name
 
-->[bOK,ilib] = c_link('bubi');if (bOK) then ulink(ilib),end
 
-->link(bubi_path+'libbubi'+getdynlibext(),['bubi'],'c');
Shared archive loaded.
Link done.
 
-->// remove temp. variables on stack
 
-->clear bubi_path;
 
-->clear get_file_path;
 
-->// ------------------------------------------------------
 
 ans  =
 
  T  
in: 20.000000, out: 5.000000, 5.000000, 5.000000, 5.000000, 5.000000, 5.000000, t: 0.000000
in: 20.000000, out: 5.000000, 5.000000, 5.000000, 5.000000, 5.000000, 5.000000, t: 0.100000
in: 20.000000, out: 5.000000, 5.000000, 5.000000, 5.000000, 5.000000, 5.000000, t: 0.200000
in: 20.000000, out: 5.000000, 5.000000, 5.000000, 5.000000, 5.000000, 5.000000, t: 0.300000
in: 20.000000, out: 5.000000, 5.000000, 5.000000, 5.000000, 5.000000, 5.000000, t: 0.400000
in: 20.000000, out: 5.000000, 5.000000, 5.000000, 5.000000, 5.000000, 5.000000, t: 0.500000
in: 20.000000, out: 5.000000, 5.000000, 5.000000, 5.000000, 5.000000, 5.000000, t: 0.600000
in: 20.000000, out: 5.000000, 5.000000, 5.000000, 5.000000, 5.000000, 5.000000, t: 0.700000
in: 20.000000, out: 5.000000, 5.000000, 5.000000, 5.000000, 5.000000, 5.000000, t: 0.800000
in: 20.000000, out: 5.000000, 5.000000, 5.000000, 5.000000, 5.000000, 5.000000, t: 0.900000
in: 20.000000, out: 5.000000, 5.000000, 5.000000, 5.000000, 5.000000, 5.000000, t: 1.000000
in: 20.000000, out: 5.000000, 5.000000, 5.000000, 5.000000, 5.000000, 5.000000, t: 1.100000
in: 20.000000, out: 5.000000, 5.000000, 5.000000, 5.000000, 5.000000, 5.000000, t: 1.200000
in: 20.000000, out: 5.000000, 5.000000, 5.000000, 5.000000, 5.000000, 5.000000, t: 1.300000
in: 20.000000, out: 5.000000, 5.000000, 5.000000, 5.000000, 5.000000, 5.000000, t: 1.400000
in: 20.000000, out: 5.000000, 5.000000, 5.000000, 5.000000, 5.000000, 5.000000, t: 1.500000
in: 20.000000, out: 5.000000, 5.000000, 5.000000, 5.000000, 5.000000, 5.000000, t: 1.600000
in: 20.000000, out: 5.000000, 5.000000, 5.000000, 5.000000, 5.000000, 5.000000, t: 1.700000
in: 20.000000, out: 5.000000, 5.000000, 5.000000, 5.000000, 5.000000, 5.000000, t: 1.800000
in: 20.000000, out: 5.000000, 5.000000, 5.000000, 5.000000, 5.000000, 5.000000, t: 1.900000
in: 20.000000, out: 5.000000, 5.000000, 5.000000, 5.000000, 5.000000, 5.000000, t: 2.000000
in: 20.000000, out: 5.000000, 5.000000, 5.000000, 5.000000, 5.000000, 5.000000, t: 2.100000
in: 20.000000, out: 5.000000, 5.000000, 5.000000, 5.000000, 5.000000, 5.000000, t: 2.200000
in: 20.000000, out: 5.000000, 5.000000, 5.000000, 5.000000, 5.000000, 5.000000, t: 2.300000
in: 20.000000, out: 5.000000, 5.000000, 5.000000, 5.000000, 5.000000, 5.000000, t: 2.400000
in: 20.000000, out: 5.000000, 5.000000, 5.000000, 5.000000, 5.000000, 5.000000, t: 2.500000
in: 20.000000, out: 5.000000, 5.000000, 5.000000, 5.000000, 5.000000, 5.000000, t: 2.600000
in: 20.000000, out: 5.000000, 5.000000, 5.000000, 5.000000, 5.000000, 5.000000, t: 2.700000
in: 20.000000, out: 5.000000, 5.000000, 5.000000, 5.000000, 5.000000, 5.000000, t: 2.800000
in: 20.000000, out: 5.000000, 5.000000, 5.000000, 5.000000, 5.000000, 5.000000, t: 2.900000
in: 20.000000, out: 5.000000, 5.000000, 5.000000, 5.000000, 5.000000, 5.000000, t: 3.000000
in: 20.000000, out: 5.000000, 5.000000, 5.000000, 5.000000, 5.000000, 5.000000, t: 3.100000
in: 20.000000, out: 5.000000, 5.000000, 5.000000, 5.000000, 5.000000, 5.000000, t: 3.200000
in: 20.000000, out: 5.000000, 5.000000, 5.000000, 5.000000, 5.000000, 5.000000, t: 3.300000
in: 20.000000, out: 5.000000, 5.000000, 5.000000, 5.000000, 5.000000, 5.000000, t: 3.400000
in: 20.000000, out: 5.000000, 5.000000, 5.000000, 5.000000, 5.000000, 5.000000, t: 3.500000
in: 20.000000, out: 5.000000, 5.000000, 5.000000, 5.000000, 5.000000, 5.000000, t: 3.600000
in: 20.000000, out: 5.000000, 5.000000, 5.000000, 5.000000, 5.000000, 5.000000, t: 3.700000
in: 20.000000, out: 5.000000, 5.000000, 5.000000, 5.000000, 5.000000, 5.000000, t: 3.800000
in: 20.000000, out: 5.000000, 5.000000, 5.000000, 5.000000, 5.000000, 5.000000, t: 3.900000
in: 20.000000, out: 5.000000, 5.000000, 5.000000, 5.000000, 5.000000, 5.000000, t: 4.000000
in: 20.000000, out: 5.000000, 5.000000, 5.000000, 5.000000, 5.000000, 5.000000, t: 4.100000
in: 20.000000, out: 5.000000, 5.000000, 5.000000, 5.000000, 5.000000, 5.000000, t: 4.200000
in: 20.000000, out: 5.000000, 5.000000, 5.000000, 5.000000, 5.000000, 5.000000, t: 4.300000
in: 20.000000, out: 5.000000, 5.000000, 5.000000, 5.000000, 5.000000, 5.000000, t: 4.400000
in: 20.000000, out: 5.000000, 5.000000, 5.000000, 5.000000, 5.000000, 5.000000, t: 4.500000
in: 20.000000, out: 5.000000, 5.000000, 5.000000, 5.000000, 5.000000, 5.000000, t: 4.600000
in: 20.000000, out: 5.000000, 5.000000, 5.000000, 5.000000, 5.000000, 5.000000, t: 4.700000
in: 20.000000, out: 5.000000, 5.000000, 5.000000, 5.000000, 5.000000, 5.000000, t: 4.800000
in: 20.000000, out: 5.000000, 5.000000, 5.000000, 5.000000, 5.000000, 5.000000, t: 4.900000
in: 20.000000, out: 5.000000, 5.000000, 5.000000, 5.000000, 5.000000, 5.000000, t: 5.000000
in: 20.000000, out: 5.000000, 5.000000, 5.000000, 5.000000, 5.000000, 5.000000, t: 5.100000
in: 20.000000, out: 5.000000, 5.000000, 5.000000, 5.000000, 5.000000, 5.000000, t: 5.200000
in: 20.000000, out: 5.000000, 5.000000, 5.000000, 5.000000, 5.000000, 5.000000, t: 5.300000
in: 20.000000, out: 5.000000, 5.000000, 5.000000, 5.000000, 5.000000, 5.000000, t: 5.400000
in: 20.000000, out: 5.000000, 5.000000, 5.000000, 5.000000, 5.000000, 5.000000, t: 5.500000
in: 20.000000, out: 5.000000, 5.000000, 5.000000, 5.000000, 5.000000, 5.000000, t: 5.600000
in: 20.000000, out: 5.000000, 5.000000, 5.000000, 5.000000, 5.000000, 5.000000, t: 5.700000
in: 20.000000, out: 5.000000, 5.000000, 5.000000, 5.000000, 5.000000, 5.000000, t: 5.800000
in: 20.000000, out: 5.000000, 5.000000, 5.000000, 5.000000, 5.000000, 5.000000, t: 5.900000
in: 20.000000, out: 5.000000, 5.000000, 5.000000, 5.000000, 5.000000, 5.000000, t: 6.000000
in: 20.000000, out: 5.000000, 5.000000, 5.000000, 5.000000, 5.000000, 5.000000, t: 6.100000
in: 20.000000, out: 5.000000, 5.000000, 5.000000, 5.000000, 5.000000, 5.000000, t: 6.200000
in: 20.000000, out: 5.000000, 5.000000, 5.000000, 5.000000, 5.000000, 5.000000, t: 6.300000
in: 20.000000, out: 5.000000, 5.000000, 5.000000, 5.000000, 5.000000, 5.000000, t: 6.400000
in: 20.000000, out: 5.000000, 5.000000, 5.000000, 5.000000, 5.000000, 5.000000, t: 6.500000
in: 20.000000, out: 5.000000, 5.000000, 5.000000, 5.000000, 5.000000, 5.000000, t: 6.600000
in: 20.000000, out: 5.000000, 5.000000, 5.000000, 5.000000, 5.000000, 5.000000, t: 6.700000
in: 20.000000, out: 5.000000, 5.000000, 5.000000, 5.000000, 5.000000, 5.000000, t: 6.800000
in: 20.000000, out: 5.000000, 5.000000, 5.000000, 5.000000, 5.000000, 5.000000, t: 6.900000
in: 20.000000, out: 5.000000, 5.000000, 5.000000, 5.000000, 5.000000, 5.000000, t: 7.000000
in: 20.000000, out: 5.000000, 5.000000, 5.000000, 5.000000, 5.000000, 5.000000, t: 7.100000
in: 20.000000, out: 5.000000, 5.000000, 5.000000, 5.000000, 5.000000, 5.000000, t: 7.200000
in: 20.000000, out: 5.000000, 5.000000, 5.000000, 5.000000, 5.000000, 5.000000, t: 7.300000
in: 20.000000, out: 5.000000, 5.000000, 5.000000, 5.000000, 5.000000, 5.000000, t: 7.400000
in: 20.000000, out: 5.000000, 5.000000, 5.000000, 5.000000, 5.000000, 5.000000, t: 7.500000
in: 20.000000, out: 5.000000, 5.000000, 5.000000, 5.000000, 5.000000, 5.000000, t: 7.600000
in: 20.000000, out: 5.000000, 5.000000, 5.000000, 5.000000, 5.000000, 5.000000, t: 7.700000
in: 20.000000, out: 5.000000, 5.000000, 5.000000, 5.000000, 5.000000, 5.000000, t: 7.800000
in: 20.000000, out: 5.000000, 5.000000, 5.000000, 5.000000, 5.000000, 5.000000, t: 7.900000
in: 20.000000, out: 5.000000, 5.000000, 5.000000, 5.000000, 5.000000, 5.000000, t: 8.000000
in: 20.000000, out: 5.000000, 5.000000, 5.000000, 5.000000, 5.000000, 5.000000, t: 8.100000
in: 20.000000, out: 5.000000, 5.000000, 5.000000, 5.000000, 5.000000, 5.000000, t: 8.200000
in: 20.000000, out: 5.000000, 5.000000, 5.000000, 5.000000, 5.000000, 5.000000, t: 8.300000
in: 20.000000, out: 5.000000, 5.000000, 5.000000, 5.000000, 5.000000, 5.000000, t: 8.400000
in: 20.000000, out: 5.000000, 5.000000, 5.000000, 5.000000, 5.000000, 5.000000, t: 8.500000
in: 20.000000, out: 5.000000, 5.000000, 5.000000, 5.000000, 5.000000, 5.000000, t: 8.600000
in: 20.000000, out: 5.000000, 5.000000, 5.000000, 5.000000, 5.000000, 5.000000, t: 8.700000
in: 20.000000, out: 5.000000, 5.000000, 5.000000, 5.000000, 5.000000, 5.000000, t: 8.800000
in: 20.000000, out: 5.000000, 5.000000, 5.000000, 5.000000, 5.000000, 5.000000, t: 8.900000
in: 20.000000, out: 5.000000, 5.000000, 5.000000, 5.000000, 5.000000, 5.000000, t: 9.000000
in: 20.000000, out: 5.000000, 5.000000, 5.000000, 5.000000, 5.000000, 5.000000, t: 9.100000
in: 20.000000, out: 5.000000, 5.000000, 5.000000, 5.000000, 5.000000, 5.000000, t: 9.200000
in: 20.000000, out: 5.000000, 5.000000, 5.000000, 5.000000, 5.000000, 5.000000, t: 9.300000
in: 20.000000, out: 5.000000, 5.000000, 5.000000, 5.000000, 5.000000, 5.000000, t: 9.400000
in: 20.000000, out: 5.000000, 5.000000, 5.000000, 5.000000, 5.000000, 5.000000, t: 9.500000
in: 20.000000, out: 5.000000, 5.000000, 5.000000, 5.000000, 5.000000, 5.000000, t: 9.600000
in: 20.000000, out: 5.000000, 5.000000, 5.000000, 5.000000, 5.000000, 5.000000, t: 9.700000
in: 20.000000, out: 5.000000, 5.000000, 5.000000, 5.000000, 5.000000, 5.000000, t: 9.800000
in: 20.000000, out: 5.000000, 5.000000, 5.000000, 5.000000, 5.000000, 5.000000, t: 9.900000
in: 20.000000, out: 5.000000, 5.000000, 5.000000, 5.000000, 5.000000, 5.000000, t: 10.000000
in: 20.000000, out: 5.000000, 5.000000, 5.000000, 5.000000, 5.000000, 5.000000, t: 10.100000
in: 20.000000, out: 5.000000, 5.000000, 5.000000, 5.000000, 5.000000, 5.000000, t: 10.200000
in: 20.000000, out: 5.000000, 5.000000, 5.000000, 5.000000, 5.000000, 5.000000, t: 10.300000
in: 20.000000, out: 5.000000, 5.000000, 5.000000, 5.000000, 5.000000, 5.000000, t: 10.400000
in: 20.000000, out: 5.000000, 5.000000, 5.000000, 5.000000, 5.000000, 5.000000, t: 10.500000
in: 20.000000, out: 5.000000, 5.000000, 5.000000, 5.000000, 5.000000, 5.000000, t: 10.600000
in: 20.000000, out: 5.000000, 5.000000, 5.000000, 5.000000, 5.000000, 5.000000, t: 10.700000
in: 20.000000, out: 5.000000, 5.000000, 5.000000, 5.000000, 5.000000, 5.000000, t: 10.800000
in: 20.000000, out: 5.000000, 5.000000, 5.000000, 5.000000, 5.000000, 5.000000, t: 10.900000
in: 20.000000, out: 5.000000, 5.000000, 5.000000, 5.000000, 5.000000, 5.000000, t: 11.000000
in: 20.000000, out: 5.000000, 5.000000, 5.000000, 5.000000, 5.000000, 5.000000, t: 11.100000
in: 20.000000, out: 5.000000, 5.000000, 5.000000, 5.000000, 5.000000, 5.000000, t: 11.200000
in: 20.000000, out: 5.000000, 5.000000, 5.000000, 5.000000, 5.000000, 5.000000, t: 11.300000
in: 20.000000, out: 5.000000, 5.000000, 5.000000, 5.000000, 5.000000, 5.000000, t: 11.400000
in: 20.000000, out: 5.000000, 5.000000, 5.000000, 5.000000, 5.000000, 5.000000, t: 11.500000
in: 20.000000, out: 5.000000, 5.000000, 5.000000, 5.000000, 5.000000, 5.000000, t: 11.600000
in: 20.000000, out: 5.000000, 5.000000, 5.000000, 5.000000, 5.000000, 5.000000, t: 11.700000
in: 20.000000, out: 5.000000, 5.000000, 5.000000, 5.000000, 5.000000, 5.000000, t: 11.800000
in: 20.000000, out: 5.000000, 5.000000, 5.000000, 5.000000, 5.000000, 5.000000, t: 11.900000
in: 20.000000, out: 5.000000, 5.000000, 5.000000, 5.000000, 5.000000, 5.000000, t: 12.000000
in: 20.000000, out: 5.000000, 5.000000, 5.000000, 5.000000, 5.000000, 5.000000, t: 12.100000
in: 20.000000, out: 5.000000, 5.000000, 5.000000, 5.000000, 5.000000, 5.000000, t: 12.200000
in: 20.000000, out: 5.000000, 5.000000, 5.000000, 5.000000, 5.000000, 5.000000, t: 12.300000
in: 20.000000, out: 5.000000, 5.000000, 5.000000, 5.000000, 5.000000, 5.000000, t: 12.400000
in: 20.000000, out: 5.000000, 5.000000, 5.000000, 5.000000, 5.000000, 5.000000, t: 12.500000
in: 20.000000, out: 5.000000, 5.000000, 5.000000, 5.000000, 5.000000, 5.000000, t: 12.600000
in: 20.000000, out: 5.000000, 5.000000, 5.000000, 5.000000, 5.000000, 5.000000, t: 12.700000
in: 20.000000, out: 5.000000, 5.000000, 5.000000, 5.000000, 5.000000, 5.000000, t: 12.800000
in: 20.000000, out: 5.000000, 5.000000, 5.000000, 5.000000, 5.000000, 5.000000, t: 12.900000
in: 20.000000, out: 5.000000, 5.000000, 5.000000, 5.000000, 5.000000, 5.000000, t: 13.000000
in: 20.000000, out: 5.000000, 5.000000, 5.000000, 5.000000, 5.000000, 5.000000, t: 13.100000
in: 20.000000, out: 5.000000, 5.000000, 5.000000, 5.000000, 5.000000, 5.000000, t: 13.200000
in: 20.000000, out: 5.000000, 5.000000, 5.000000, 5.000000, 5.000000, 5.000000, t: 13.300000
in: 20.000000, out: 5.000000, 5.000000, 5.000000, 5.000000, 5.000000, 5.000000, t: 13.400000
in: 20.000000, out: 5.000000, 5.000000, 5.000000, 5.000000, 5.000000, 5.000000, t: 13.500000
in: 20.000000, out: 5.000000, 5.000000, 5.000000, 5.000000, 5.000000, 5.000000, t: 13.600000
in: 20.000000, out: 5.000000, 5.000000, 5.000000, 5.000000, 5.000000, 5.000000, t: 13.700000
in: 20.000000, out: 5.000000, 5.000000, 5.000000, 5.000000, 5.000000, 5.000000, t: 13.800000
in: 20.000000, out: 5.000000, 5.000000, 5.000000, 5.000000, 5.000000, 5.000000, t: 13.900000
in: 20.000000, out: 5.000000, 5.000000, 5.000000, 5.000000, 5.000000, 5.000000, t: 14.000000
in: 20.000000, out: 5.000000, 5.000000, 5.000000, 5.000000, 5.000000, 5.000000, t: 14.100000
in: 20.000000, out: 5.000000, 5.000000, 5.000000, 5.000000, 5.000000, 5.000000, t: 14.200000
in: 20.000000, out: 5.000000, 5.000000, 5.000000, 5.000000, 5.000000, 5.000000, t: 14.300000
in: 20.000000, out: 5.000000, 5.000000, 5.000000, 5.000000, 5.000000, 5.000000, t: 14.400000
in: 20.000000, out: 5.000000, 5.000000, 5.000000, 5.000000, 5.000000, 5.000000, t: 14.500000
in: 20.000000, out: 5.000000, 5.000000, 5.000000, 5.000000, 5.000000, 5.000000, t: 14.600000
in: 20.000000, out: 5.000000, 5.000000, 5.000000, 5.000000, 5.000000, 5.000000, t: 14.700000
in: 20.000000, out: 5.000000, 5.000000, 5.000000, 5.000000, 5.000000, 5.000000, t: 14.800000
in: 20.000000, out: 5.000000, 5.000000, 5.000000, 5.000000, 5.000000, 5.000000, t: 14.900000
in: 20.000000, out: 5.000000, 5.000000, 5.000000, 5.000000, 5.000000, 5.000000, t: 15.000000
in: 20.000000, out: 5.000000, 5.000000, 5.000000, 5.000000, 5.000000, 5.000000, t: 15.100000
in: 20.000000, out: 5.000000, 5.000000, 5.000000, 5.000000, 5.000000, 5.000000, t: 15.200000
in: 20.000000, out: 5.000000, 5.000000, 5.000000, 5.000000, 5.000000, 5.000000, t: 15.300000
in: 20.000000, out: 5.000000, 5.000000, 5.000000, 5.000000, 5.000000, 5.000000, t: 15.400000
in: 20.000000, out: 5.000000, 5.000000, 5.000000, 5.000000, 5.000000, 5.000000, t: 15.500000
in: 20.000000, out: 5.000000, 5.000000, 5.000000, 5.000000, 5.000000, 5.000000, t: 15.600000
in: 20.000000, out: 5.000000, 5.000000, 5.000000, 5.000000, 5.000000, 5.000000, t: 15.700000
in: 20.000000, out: 5.000000, 5.000000, 5.000000, 5.000000, 5.000000, 5.000000, t: 15.800000
in: 20.000000, out: 5.000000, 5.000000, 5.000000, 5.000000, 5.000000, 5.000000, t: 15.900000
in: 20.000000, out: 5.000000, 5.000000, 5.000000, 5.000000, 5.000000, 5.000000, t: 16.000000
in: 20.000000, out: 5.000000, 5.000000, 5.000000, 5.000000, 5.000000, 5.000000, t: 16.100000
in: 20.000000, out: 5.000000, 5.000000, 5.000000, 5.000000, 5.000000, 5.000000, t: 16.200000
in: 20.000000, out: 5.000000, 5.000000, 5.000000, 5.000000, 5.000000, 5.000000, t: 16.300000
in: 20.000000, out: 5.000000, 5.000000, 5.000000, 5.000000, 5.000000, 5.000000, t: 16.400000
in: 20.000000, out: 5.000000, 5.000000, 5.000000, 5.000000, 5.000000, 5.000000, t: 16.500000
in: 20.000000, out: 5.000000, 5.000000, 5.000000, 5.000000, 5.000000, 5.000000, t: 16.600000
in: 20.000000, out: 5.000000, 5.000000, 5.000000, 5.000000, 5.000000, 5.000000, t: 16.700000
in: 20.000000, out: 5.000000, 5.000000, 5.000000, 5.000000, 5.000000, 5.000000, t: 16.800000
in: 20.000000, out: 5.000000, 5.000000, 5.000000, 5.000000, 5.000000, 5.000000, t: 16.900000
in: 20.000000, out: 5.000000, 5.000000, 5.000000, 5.000000, 5.000000, 5.000000, t: 17.000000
in: 20.000000, out: 5.000000, 5.000000, 5.000000, 5.000000, 5.000000, 5.000000, t: 17.100000
in: 20.000000, out: 5.000000, 5.000000, 5.000000, 5.000000, 5.000000, 5.000000, t: 17.200000
in: 20.000000, out: 5.000000, 5.000000, 5.000000, 5.000000, 5.000000, 5.000000, t: 17.300000
in: 20.000000, out: 5.000000, 5.000000, 5.000000, 5.000000, 5.000000, 5.000000, t: 17.400000
in: 20.000000, out: 5.000000, 5.000000, 5.000000, 5.000000, 5.000000, 5.000000, t: 17.500000
in: 20.000000, out: 5.000000, 5.000000, 5.000000, 5.000000, 5.000000, 5.000000, t: 17.600000
in: 20.000000, out: 5.000000, 5.000000, 5.000000, 5.000000, 5.000000, 5.000000, t: 17.700000
in: 20.000000, out: 5.000000, 5.000000, 5.000000, 5.000000, 5.000000, 5.000000, t: 17.800000
in: 20.000000, out: 5.000000, 5.000000, 5.000000, 5.000000, 5.000000, 5.000000, t: 17.900000
in: 20.000000, out: 5.000000, 5.000000, 5.000000, 5.000000, 5.000000, 5.000000, t: 18.000000
in: 20.000000, out: 5.000000, 5.000000, 5.000000, 5.000000, 5.000000, 5.000000, t: 18.100000
in: 20.000000, out: 5.000000, 5.000000, 5.000000, 5.000000, 5.000000, 5.000000, t: 18.200000
in: 20.000000, out: 5.000000, 5.000000, 5.000000, 5.000000, 5.000000, 5.000000, t: 18.300000
in: 20.000000, out: 5.000000, 5.000000, 5.000000, 5.000000, 5.000000, 5.000000, t: 18.400000
in: 20.000000, out: 5.000000, 5.000000, 5.000000, 5.000000, 5.000000, 5.000000, t: 18.500000
in: 20.000000, out: 5.000000, 5.000000, 5.000000, 5.000000, 5.000000, 5.000000, t: 18.600000
in: 20.000000, out: 5.000000, 5.000000, 5.000000, 5.000000, 5.000000, 5.000000, t: 18.700000
in: 20.000000, out: 5.000000, 5.000000, 5.000000, 5.000000, 5.000000, 5.000000, t: 18.800000
in: 20.000000, out: 5.000000, 5.000000, 5.000000, 5.000000, 5.000000, 5.000000, t: 18.900000
in: 20.000000, out: 5.000000, 5.000000, 5.000000, 5.000000, 5.000000, 5.000000, t: 19.000000
in: 20.000000, out: 5.000000, 5.000000, 5.000000, 5.000000, 5.000000, 5.000000, t: 19.100000
in: 20.000000, out: 5.000000, 5.000000, 5.000000, 5.000000, 5.000000, 5.000000, t: 19.200000
in: 20.000000, out: 5.000000, 5.000000, 5.000000, 5.000000, 5.000000, 5.000000, t: 19.300000
in: 20.000000, out: 5.000000, 5.000000, 5.000000, 5.000000, 5.000000, 5.000000, t: 19.400000
in: 20.000000, out: 5.000000, 5.000000, 5.000000, 5.000000, 5.000000, 5.000000, t: 19.500000
in: 20.000000, out: 5.000000, 5.000000, 5.000000, 5.000000, 5.000000, 5.000000, t: 19.600000
in: 20.000000, out: 5.000000, 5.000000, 5.000000, 5.000000, 5.000000, 5.000000, t: 19.700000
in: 20.000000, out: 5.000000, 5.000000, 5.000000, 5.000000, 5.000000, 5.000000, t: 19.800000
in: 20.000000, out: 5.000000, 5.000000, 5.000000, 5.000000, 5.000000, 5.000000, t: 19.900000
